Case #1: X won
Case #2: Draw
Case #3: Game has not completed
Case #4: O won
Case #5: O won
Case #6: O won
Case #7: O won
Case #8: Game has not completed
Case #9: O won
Case #10: O won
Case #11: X won
Case #12: O won
Case #13: X won
Case #14: O won
Case #15: Game has not completed
Case #16: Game has not completed
Case #17: X won
Case #18: X won
Case #19: X won
Case #20: X won
Case #21: X won
Case #22: X won
Case #23: O won
Case #24: X won
Case #25: Game has not completed
Case #26: X won
Case #27: Game has not completed
Case #28: X won
Case #29: Game has not completed
Case #30: O won
Case #31: Game has not completed
Case #32: Game has not completed
Case #33: O won
Case #34: Game has not completed
Case #35: Game has not completed
Case #36: X won
Case #37: Game has not completed
Case #38: Game has not completed
Case #39: X won
Case #40: Game has not completed
Case #41: X won
Case #42: O won
Case #43: Game has not completed
Case #44: X won
Case #45: Game has not completed
Case #46: Game has not completed
Case #47: O won
Case #48: X won
Case #49: Game has not completed
Case #50: Game has not completed
Case #51: X won
Case #52: O won
Case #53: Game has not completed
Case #54: Game has not completed
Case #55: Game has not completed
Case #56: Game has not completed
Case #57: Game has not completed
Case #58: X won
Case #59: O won
Case #60: Game has not completed
Case #61: X won
Case #62: X won
Case #63: O won
Case #64: X won
Case #65: Game has not completed
Case #66: O won
Case #67: X won
Case #68: O won
Case #69: O won
Case #70: Draw
Case #71: X won
Case #72: Game has not completed
Case #73: O won
Case #74: O won
Case #75: X won
Case #76: X won
Case #77: X won
Case #78: Game has not completed
Case #79: O won
Case #80: X won
Case #81: X won
Case #82: X won
Case #83: X won
Case #84: Game has not completed
Case #85: O won
Case #86: X won
Case #87: O won
Case #88: Game has not completed
Case #89: O won
Case #90: X won
Case #91: O won
Case #92: Game has not completed
Case #93: X won
Case #94: X won
Case #95: X won
Case #96: Game has not completed
Case #97: X won
Case #98: Draw
Case #99: O won
Case #100: X won
Case #101: Game has not completed
Case #102: O won
Case #103: X won
Case #104: X won
Case #105: Game has not completed
Case #106: Game has not completed
Case #107: X won
Case #108: X won
Case #109: O won
Case #110: X won
Case #111: Game has not completed
Case #112: Game has not completed
Case #113: X won
Case #114: Game has not completed
Case #115: Game has not completed
Case #116: X won
Case #117: Game has not completed
Case #118: X won
Case #119: X won
Case #120: X won
Case #121: Draw
Case #122: X won
Case #123: Game has not completed
Case #124: X won
Case #125: X won
Case #126: X won
Case #127: Game has not completed
Case #128: X won
Case #129: X won
Case #130: Game has not completed
Case #131: Draw
Case #132: Game has not completed
Case #133: Draw
Case #134: X won
Case #135: Game has not completed
Case #136: O won
Case #137: Draw
Case #138: Draw
Case #139: O won
Case #140: O won
Case #141: X won
Case #142: O won
Case #143: O won
Case #144: Draw
Case #145: Game has not completed
Case #146: X won
Case #147: Draw
Case #148: Game has not completed
Case #149: Game has not completed
Case #150: Game has not completed
Case #151: X won
Case #152: Game has not completed
Case #153: X won
Case #154: O won
Case #155: Game has not completed
Case #156: Game has not completed
Case #157: X won
Case #158: O won
Case #159: O won
Case #160: Game has not completed
Case #161: X won
Case #162: Game has not completed
Case #163: Draw
Case #164: Draw
Case #165: X won
Case #166: X won
Case #167: X won
Case #168: Game has not completed
Case #169: Game has not completed
Case #170: X won
Case #171: O won
Case #172: Game has not completed
Case #173: X won
Case #174: X won
Case #175: X won
Case #176: Game has not completed
Case #177: X won
Case #178: Game has not completed
Case #179: O won
Case #180: Game has not completed
Case #181: X won
Case #182: X won
Case #183: O won
Case #184: X won
Case #185: X won
Case #186: Game has not completed
Case #187: Game has not completed
Case #188: Game has not completed
Case #189: Game has not completed
Case #190: Game has not completed
Case #191: Game has not completed
Case #192: Game has not completed
Case #193: X won
Case #194: X won
Case #195: O won
Case #196: Game has not completed
Case #197: O won
Case #198: X won
Case #199: X won
Case #200: O won
Case #201: X won
Case #202: O won
Case #203: O won
Case #204: O won
Case #205: O won
Case #206: O won
Case #207: X won
Case #208: X won
Case #209: Game has not completed
Case #210: Draw
Case #211: O won
Case #212: X won
Case #213: O won
Case #214: O won
Case #215: Draw
Case #216: X won
Case #217: Draw
Case #218: O won
Case #219: Game has not completed
Case #220: Game has not completed
Case #221: X won
Case #222: Game has not completed
Case #223: O won
Case #224: X won
Case #225: Game has not completed
Case #226: O won
Case #227: Game has not completed
Case #228: Game has not completed
Case #229: O won
Case #230: Game has not completed
Case #231: O won
Case #232: Game has not completed
Case #233: O won
Case #234: O won
Case #235: Game has not completed
Case #236: X won
Case #237: O won
Case #238: X won
Case #239: Game has not completed
Case #240: Draw
Case #241: O won
Case #242: Game has not completed
Case #243: Draw
Case #244: X won
Case #245: X won
Case #246: X won
Case #247: X won
Case #248: O won
Case #249: X won
Case #250: X won
Case #251: O won
Case #252: X won
Case #253: Game has not completed
Case #254: O won
Case #255: O won
Case #256: O won
Case #257: Game has not completed
Case #258: X won
Case #259: O won
Case #260: O won
Case #261: X won
Case #262: Draw
Case #263: Draw
Case #264: O won
Case #265: X won
Case #266: X won
Case #267: X won
Case #268: X won
Case #269: Game has not completed
Case #270: X won
Case #271: X won
Case #272: O won
Case #273: O won
Case #274: Game has not completed
Case #275: X won
Case #276: O won
Case #277: Game has not completed
Case #278: X won
Case #279: Game has not completed
Case #280: O won
Case #281: Game has not completed
Case #282: X won
Case #283: Game has not completed
Case #284: Game has not completed
Case #285: X won
Case #286: Draw
Case #287: Game has not completed
Case #288: Game has not completed
Case #289: X won
Case #290: X won
Case #291: O won
Case #292: O won
Case #293: Game has not completed
Case #294: Game has not completed
Case #295: O won
Case #296: X won
Case #297: X won
Case #298: O won
Case #299: O won
Case #300: X won
Case #301: X won
Case #302: O won
Case #303: X won
Case #304: Game has not completed
Case #305: X won
Case #306: Game has not completed
Case #307: X won
Case #308: X won
Case #309: X won
Case #310: X won
Case #311: O won
Case #312: Game has not completed
Case #313: Game has not completed
Case #314: Draw
Case #315: Game has not completed
Case #316: Game has not completed
Case #317: X won
Case #318: X won
Case #319: Draw
Case #320: O won
Case #321: X won
Case #322: X won
Case #323: X won
Case #324: O won
Case #325: X won
Case #326: O won
Case #327: O won
Case #328: O won
Case #329: O won
Case #330: X won
Case #331: Game has not completed
Case #332: Game has not completed
Case #333: O won
Case #334: X won
Case #335: O won
Case #336: O won
Case #337: Game has not completed
Case #338: O won
Case #339: X won
Case #340: O won
Case #341: Game has not completed
Case #342: Game has not completed
Case #343: Draw
Case #344: O won
Case #345: X won
Case #346: O won
Case #347: Draw
Case #348: X won
Case #349: O won
Case #350: Game has not completed
Case #351: Draw
Case #352: O won
Case #353: Game has not completed
Case #354: Game has not completed
Case #355: Draw
Case #356: O won
Case #357: Game has not completed
Case #358: Game has not completed
Case #359: O won
Case #360: 