Case #1: our language is impossible to understand
Case #2: there are twenty six factorial possibilities
Case #3: so it is okay if you want to just give up
Case #4: xoggk d yl wxo vkkvgo ekso uyl wonw sywy
Case #5: xkf yto akj
Case #6: yabba dabba yabba dabba yabba dabba yabba dabba yabba dabba yabba dabba yabba dabba yabba dooooooooo
Case #7: a b c d e f g h i j k l m n o p q r s t u v y w x y z now i know my abcs
Case #8: next time wont you sing with me
Case #9: our code jam is like the pythagorean theorem
Case #10: there is no answer
Case #11: by the pricking of my thumbs something wicked this way comes
Case #12: buff tryndamere and amumu
Case #13: you know you want to
Case #14: why do programmers always mix up halloween and christmas
Case #15: you pissed off the chicken lady
Case #16: this is so exciting i have to go the bathroom
Case #17: translating text is not goros strength
Case #18: strength is goros strength
Case #19: each of us has his own special gift and you know this was meant to be true
Case #20: and if you dont underestimate me i wont underestimate you
Case #21: oh nooooo goggalor is headed for the orphanage
Case #22: oh my god lets make out
Case #23: pneumonoultramicroscopicsilicovolcanoconiosis
Case #24: dr zaius dr zaius dr zaius dr zaius ooooooooooooh dr zaius
Case #25: thank you but the real googlerese is in another castle
Case #26: now that you know googlerese please do not use it to hack into our systems
Case #27: all your base are belong to error the spoony bard
Case #28: it was the best of times it was the blurst of times
Case #29: my name is dug i have just met you and i looove you
Case #30: i have bested fruit spike and moon now i shall best you the guy
