Case #1: EENSN
Case #2: EWENW
Case #3: ***
Case #4: ***
Case #5: ***
Case #6: ESN
Case #7: ***
Case #8: ***
Case #9: ENS
Case #10: ***
Case #11: ***
Case #12: ***
Case #13: ***
Case #14: ***
Case #15: ES
Case #16: ***
Case #17: ***
Case #18: SW
Case #19: EEEEEEEE
Case #20: ***
Case #21: ***
Case #22: EESSSS
Case #23: ***
Case #24: ***
Case #25: ***
Case #26: ***
Case #27: ***
Case #28: E
Case #29: ***
Case #30: SNS
Case #31: SEW
Case #32: ***
Case #33: SNS
Case #34: ***
Case #35: ***
Case #36: ***
Case #37: NW
Case #38: ESW
Case #39: ***
Case #40: WSN
Case #41: W
Case #42: WEW
Case #43: EWWEN
Case #44: ***
Case #45: ***
Case #46: ***
Case #47: S
Case #48: N
Case #49: WS
Case #50: ***
